<?xml version="1.0" encoding="utf-8"?><testsuites name="pytest tests"><testsuite name="pytest" errors="0" failures="0" skipped="0" tests="10" time="2.315" timestamp="2026-06-02T07:22:35.641498+00:00" hostname="agent-env-7ec3aba9-90c6-4d84-821d-69ba6cae4c67"><testcase classname="backend.tests.test_text_slots_crud" name="test_get_slots_meta" time="0.016" /><testcase classname="backend.tests.test_text_slots_crud" name="test_text_slots_lang_filter" time="0.007" /><testcase classname="backend.tests.test_text_slots_crud" name="test_text_slots_put_then_delete_roundtrip" time="0.010" /><testcase classname="backend.tests.test_text_slots_crud" name="test_cms_export" time="0.014" /><testcase classname="backend.tests.test_translate" name="test_translate_es_to_en_fr" time="2.176" /><testcase classname="backend.tests.test_translate" name="test_translate_empty_text_returns_empty" time="0.002" /><testcase classname="backend.tests.test_translate" name="test_translate_skips_source_in_targets" time="0.002" /><testcase classname="backend.tests.test_text_slots_reset" name="test_reset_single_language_keeps_others" time="0.005" /><testcase classname="backend.tests.test_text_slots_reset" name="test_reset_last_language_deletes_document" time="0.006" /><testcase classname="backend.tests.test_text_slots_reset" name="test_reset_whole_slot_without_lang" time="0.006" /></testsuite></testsuites>