<?xml version="1.0" encoding="utf-8"?><testsuites name="pytest tests"><testsuite name="pytest" errors="0" failures="0" skipped="0" tests="7" time="20.297" timestamp="2026-05-27T18:10:50.605195+00:00" hostname="agent-env-cde27e8e-06f7-4800-88e0-9c0ced3999d2"><testcase classname="backend.tests.test_image_library" name="test_bulk_upload_reflects_in_listing" time="0.836" /><testcase classname="backend.tests.test_image_library" name="test_patch_normalizes_tags" time="0.144" /><testcase classname="backend.tests.test_image_library" name="test_patch_no_editable_fields_returns_400" time="0.119" /><testcase classname="backend.tests.test_image_library" name="test_delete_then_patch_returns_404" time="15.708" /><testcase classname="backend.tests.test_image_library" name="test_replace_changes_storage_path" time="2.506" /><testcase classname="backend.tests.test_image_library" name="test_library_tags_sorted_and_counted" time="0.387" /><testcase classname="backend.tests.test_image_library" name="test_filter_by_tag" time="0.525" /></testsuite></testsuites>