<?xml version="1.0" encoding="utf-8"?><testsuites name="pytest tests"><testsuite name="pytest" errors="0" failures="0" skipped="0" tests="7" time="0.728" timestamp="2026-05-29T08:36:34.309419+00:00" hostname="agent-env-83db551b-faba-4739-a380-0057d3537340"><testcase classname="backend.tests.test_slots_meta" name="test_01_fresh_slot_returns_exists_false" time="0.198" /><testcase classname="backend.tests.test_slots_meta" name="test_02_put_full_payload_persists" time="0.046" /><testcase classname="backend.tests.test_slots_meta" name="test_03_get_returns_i18n_intact" time="0.067" /><testcase classname="backend.tests.test_slots_meta" name="test_04_partial_put_does_not_clobber_url" time="0.047" /><testcase classname="backend.tests.test_slots_meta" name="test_05_delete_clears_but_preserves_metadata" time="0.090" /><testcase classname="backend.tests.test_slots_meta" name="test_06_new_put_resets_cleared" time="0.046" /><testcase classname="backend.tests.test_slots_meta" name="test_07_known_seed_slots_unaffected" time="0.166" /></testsuite></testsuites>