<?xml version="1.0" encoding="utf-8"?><testsuites name="pytest tests"><testsuite name="pytest" errors="0" failures="0" skipped="0" tests="14" time="1.896" timestamp="2026-06-25T13:31:09.098120+00:00" hostname="agent-env-3fcc66ff-77d7-4854-affd-28ecf5b3890a"><testcase classname="backend.tests.test_files_listing.TestBasicListing" name="test_default_call_returns_json_200_under_5s" time="0.295" /><testcase classname="backend.tests.test_files_listing.TestBasicListing" name="test_items_only_contain_metadata_fields" time="0.058" /><testcase classname="backend.tests.test_files_listing.TestPagination" name="test_limit_5" time="0.054" /><testcase classname="backend.tests.test_files_listing.TestPagination" name="test_skip_returns_different_page" time="0.107" /><testcase classname="backend.tests.test_files_listing.TestPagination" name="test_has_more_true_when_more_files_exist" time="0.050" /><testcase classname="backend.tests.test_files_listing.TestPagination" name="test_limit_capped_at_200" time="0.070" /><testcase classname="backend.tests.test_files_listing.TestPagination" name="test_limit_zero_floors_to_at_least_one" time="0.054" /><testcase classname="backend.tests.test_files_listing.TestPagination" name="test_negative_skip_and_limit" time="0.051" /><testcase classname="backend.tests.test_files_listing.TestFilters" name="test_search_q_pexels" time="0.058" /><testcase classname="backend.tests.test_files_listing.TestFilters" name="test_tag_filter" time="0.056" /><testcase classname="backend.tests.test_files_listing.TestFilters" name="test_long_q_500_chars" time="0.061" /><testcase classname="backend.tests.test_files_listing.TestFilters" name="test_regex_special_chars" time="0.062" /><testcase classname="backend.tests.test_files_listing.TestImageServingRegression" name="test_serve_original" time="0.343" /><testcase classname="backend.tests.test_files_listing.TestImageServingRegression" name="test_serve_optimized_w960" time="0.482" /></testsuite></testsuites>