<?xml version="1.0" encoding="utf-8"?><testsuites name="pytest tests"><testsuite name="pytest" errors="0" failures="0" skipped="0" tests="6" time="1.652" timestamp="2026-05-29T09:08:00.627963+00:00" hostname="agent-env-83db551b-faba-4739-a380-0057d3537340"><testcase classname="backend.tests.test_pexels" name="test_search_basic_shape" time="0.309" /><testcase classname="backend.tests.test_pexels" name="test_search_empty_query_returns_400" time="0.053" /><testcase classname="backend.tests.test_pexels" name="test_search_pagination_flag" time="0.235" /><testcase classname="backend.tests.test_pexels" name="test_curated_returns_photos" time="0.154" /><testcase classname="backend.tests.test_pexels" name="test_import_persists_file_and_url_resolves" time="0.729" /><testcase classname="backend.tests.test_pexels" name="test_import_invalid_id_rejected" time="0.104" /></testsuite></testsuites>