<?xml version="1.0" encoding="utf-8"?><testsuites name="pytest tests"><testsuite name="pytest" errors="0" failures="0" skipped="0" tests="4" time="0.068" timestamp="2026-05-29T14:10:14.577964+00:00" hostname="agent-env-7cd726c4-7627-45d8-8eea-1a6a03feb984"><testcase classname="tests.test_pricing" name="test_get_pricing_returns_object" time="0.004" /><testcase classname="tests.test_pricing" name="test_put_pricing_requires_auth" time="0.002" /><testcase classname="tests.test_pricing" name="test_put_pricing_persists_and_from_price_is_lowest" time="0.005" /><testcase classname="tests.test_pricing" name="test_put_pricing_rejects_invalid_payload" time="0.002" /></testsuite></testsuites>