<?xml version="1.0" encoding="utf-8"?><testsuites name="pytest tests"><testsuite name="pytest" errors="0" failures="0" skipped="0" tests="10" time="0.895" timestamp="2026-05-26T10:07:20.212386+00:00" hostname="agent-env-4f167fd4-3237-4b2a-a7f0-27d56aafec4e"><testcase classname="backend.tests.test_contact_api.TestRoot" name="test_root_returns_ok" time="0.305" /><testcase classname="backend.tests.test_contact_api.TestContactRequests" name="test_create_with_valid_payload" time="0.050" /><testcase classname="backend.tests.test_contact_api.TestContactRequests" name="test_no_mongo_id_in_list" time="0.052" /><testcase classname="backend.tests.test_contact_api.TestContactRequests" name="test_list_contains_created" time="0.049" /><testcase classname="backend.tests.test_contact_api.TestContactRequests" name="test_reject_invalid_email" time="0.103" /><testcase classname="backend.tests.test_contact_api.TestContactRequests" name="test_reject_missing_full_name" time="0.057" /><testcase classname="backend.tests.test_contact_api.TestContactRequests" name="test_reject_missing_email" time="0.046" /><testcase classname="backend.tests.test_contact_api.TestContactRequests" name="test_reject_missing_message" time="0.046" /><testcase classname="backend.tests.test_contact_api.TestContactRequests" name="test_reject_short_message" time="0.054" /><testcase classname="backend.tests.test_contact_api.TestContactRequests" name="test_create_minimal_required_only" time="0.050" /></testsuite></testsuites>