<?xml version="1.0" encoding="utf-8"?><testsuites name="pytest tests"><testsuite name="pytest" errors="0" failures="0" skipped="0" tests="2" time="7.556" timestamp="2026-06-26T15:32:24.903188+00:00" hostname="agent-env-3fcc66ff-77d7-4854-affd-28ecf5b3890a"><testcase classname="backend.tests.test_reoptimize_library" name="test_admin_verify" time="0.526" /><testcase classname="backend.tests.test_reoptimize_library" name="test_reoptimize_library_triggers_and_optimizes" time="6.961" /></testsuite></testsuites>