<?xml version="1.0" encoding="utf-8"?><testsuites name="pytest tests"><testsuite name="pytest" errors="0" failures="0" skipped="0" tests="3" time="0.822" timestamp="2026-06-02T07:22:06.753139+00:00" hostname="agent-env-7ec3aba9-90c6-4d84-821d-69ba6cae4c67"><testcase classname="backend.tests.test_translate" name="test_translate_es_to_en_fr" time="0.755" /><testcase classname="backend.tests.test_translate" name="test_translate_empty_text_returns_empty" time="0.002" /><testcase classname="backend.tests.test_translate" name="test_translate_skips_source_in_targets" time="0.002" /></testsuite></testsuites>